{"C:\\Users\\germi\\Desktop\\Intive-fdv\\MUtd_Finder\\src\\components\\Card\\Card.js": {"path":"C:\\Users\\germi\\Desktop\\Intive-fdv\\MUtd_Finder\\src\\components\\Card\\Card.js","statementMap":{"0":{"start":{"line":4,"column":2},"end":{"line":13,"column":4}}},"fnMap":{"0":{"name":"Card","decl":{"start":{"line":3,"column":24},"end":{"line":3,"column":28}},"loc":{"start":{"line":3,"column":64},"end":{"line":14,"column":1}},"line":3}},"branchMap":{},"s":{"0":1},"f":{"0":1},"b":{},"_coverageSchema":"43e27e138ebf9cfc5966b082cf9a028302ed4184","hash":"08a72f065c791ff31d23e5efe9889162d0070115"}
,"C:\\Users\\germi\\Desktop\\Intive-fdv\\MUtd_Finder\\src\\components\\CardList\\CardList.js": {"path":"C:\\Users\\germi\\Desktop\\Intive-fdv\\MUtd_Finder\\src\\components\\CardList\\CardList.js","statementMap":{"0":{"start":{"line":5,"column":2},"end":{"line":21,"column":4}},"1":{"start":{"line":9,"column":10},"end":{"line":17,"column":12}}},"fnMap":{"0":{"name":"CardList","decl":{"start":{"line":4,"column":24},"end":{"line":4,"column":32}},"loc":{"start":{"line":4,"column":48},"end":{"line":22,"column":1}},"line":4},"1":{"name":"(anonymous_1)","decl":{"start":{"line":8,"column":31},"end":{"line":8,"column":32}},"loc":{"start":{"line":8,"column":46},"end":{"line":18,"column":9}},"line":8}},"branchMap":{"0":{"loc":{"start":{"line":8,"column":8},"end":{"line":18,"column":10}},"type":"binary-expr","locations":[{"start":{"line":8,"column":8},"end":{"line":8,"column":15}},{"start":{"line":8,"column":19},"end":{"line":18,"column":10}}],"line":8}},"s":{"0":1,"1":1},"f":{"0":1,"1":1},"b":{"0":[1,1]},"_coverageSchema":"43e27e138ebf9cfc5966b082cf9a028302ed4184","hash":"351d2a859c50a13fdab2be655875379fb0e681db"}
}
